<?xml version="1.0" encoding="UTF-8"?>
<testng-results ignored="0" total="1" passed="1" failed="0" skipped="0">
  <reporter-output>
  </reporter-output>
  <suite started-at="2020-05-12T18:14:29 EEST" name="UdemyWeb" finished-at="2020-05-12T18:15:05 EEST" duration-ms="35988">
    <groups>
    </groups>
    <test started-at="2020-05-12T18:14:29 EEST" name="SignUp tests" finished-at="2020-05-12T18:15:05 EEST" duration-ms="35988">
      <class name="com.udemy.SignUpTest">
        <test-method signature="signUpWithValidCredentials()[pri:0, instance:com.udemy.SignUpTest@3427b02d]" started-at="2020-05-12T18:14:30 EEST" name="signUpWithValidCredentials" description="SignUp with valid credential" finished-at="2020-05-12T18:15:05 EEST" duration-ms="35917" status="PASS">
          <reporter-output>
          </reporter-output>
        </test-method> <!-- signUpWithValidCredentials -->
      </class> <!-- com.udemy.SignUpTest -->
    </test> <!-- SignUp tests -->
  </suite> <!-- UdemyWeb -->
</testng-results>
