<?xml version="1.0" encoding="UTF-8"?>
<testng-results ignored="0" total="1" passed="1" failed="0" skipped="0">
  <reporter-output>
  </reporter-output>
  <suite started-at="2020-05-09T14:34:16 EEST" name="UdemyWeb" finished-at="2020-05-09T14:34:44 EEST" duration-ms="27798">
    <groups>
    </groups>
    <test started-at="2020-05-09T14:34:16 EEST" name="Login tests" finished-at="2020-05-09T14:34:44 EEST" duration-ms="27798">
      <class name="com.udemy.LoginTest">
        <test-method signature="loginWithValidCredentials()[pri:0, instance:com.udemy.LoginTest@3427b02d]" started-at="2020-05-09T14:34:16 EEST" name="loginWithValidCredentials" description="Login with valid credential" finished-at="2020-05-09T14:34:44 EEST" duration-ms="27739" status="PASS">
          <reporter-output>
          </reporter-output>
        </test-method> <!-- loginWithValidCredentials -->
      </class> <!-- com.udemy.LoginTest -->
    </test> <!-- Login tests -->
  </suite> <!-- UdemyWeb -->
</testng-results>
